MDG-a_10_n500_m50.txt
7725.67	835919
MDG-a_1_n500_m50.txt
7682.9	923364
MDG-a_2_n500_m50.txt
7636.03	814341
MDG-a_3_n500_m50.txt
7655.44	831441
MDG-a_4_n500_m50.txt
7599.83	866355
MDG-a_5_n500_m50.txt
7572.02	832051
MDG-a_6_n500_m50.txt
7611.92	827448
MDG-a_7_n500_m50.txt
7680.99	803102
MDG-a_8_n500_m50.txt
7618.52	813423
MDG-a_9_n500_m50.txt
7680.7	808883
MDG-b_21_n2000_m200.txt
1.10011e+07	7548571
MDG-b_22_n2000_m200.txt
1.1019e+07	7867961
MDG-b_23_n2000_m200.txt
1.10176e+07	7493658
MDG-b_24_n2000_m200.txt
1.10252e+07	7635627
MDG-b_25_n2000_m200.txt
1.10139e+07	7519650
MDG-b_26_n2000_m200.txt
1.10468e+07	8304081
MDG-b_27_n2000_m200.txt
1.10188e+07	7666547
MDG-b_28_n2000_m200.txt
1.10268e+07	7619066
MDG-b_29_n2000_m200.txt
1.1015e+07	7448903
MDG-b_30_n2000_m200.txt
1.10115e+07	7579977
MDG-c_10_n3000_m400.txt
4.20484e+07	12428115
MDG-c_13_n3000_m500.txt
6.59582e+07	37301385
MDG-c_14_n3000_m500.txt
6.52107e+07	24514777
MDG-c_15_n3000_m500.txt
6.58866e+07	29922954
MDG-c_19_n3000_m600.txt
9.34913e+07	21229102
MDG-c_1_n3000_m300.txt
2.41628e+07	11795324
MDG-c_20_n3000_m600.txt
9.36105e+07	21994831
MDG-c_2_n3000_m300.txt
2.41839e+07	12202463
MDG-c_8_n3000_m400.txt
4.24084e+07	16619188
MDG-c_9_n3000_m400.txt
4.23686e+07	15033554
matrix.txt
529	29844
