MDG-a_10_n500_m50.txt
7630.09	166873
MDG-a_1_n500_m50.txt
7725.73	167342
MDG-a_2_n500_m50.txt
7588.9	157779
MDG-a_3_n500_m50.txt
7696.17	163688
MDG-a_4_n500_m50.txt
7624.27	161842
MDG-a_5_n500_m50.txt
7641.51	171722
MDG-a_6_n500_m50.txt
7725.25	162944
MDG-a_7_n500_m50.txt
7655.68	165483
MDG-a_8_n500_m50.txt
7661.82	151109
MDG-a_9_n500_m50.txt
7688.9	168318
MDG-b_21_n2000_m200.txt
1.07709e+07	2182740
MDG-b_22_n2000_m200.txt
1.08348e+07	2187143
MDG-b_23_n2000_m200.txt
1.07702e+07	2143002
MDG-b_24_n2000_m200.txt
1.07161e+07	2127718
MDG-b_25_n2000_m200.txt
1.08043e+07	2046548
MDG-b_26_n2000_m200.txt
1.08007e+07	2361611
MDG-b_27_n2000_m200.txt
1.08428e+07	2231784
MDG-b_28_n2000_m200.txt
1.07631e+07	2258586
MDG-b_29_n2000_m200.txt
1.08084e+07	2008385
MDG-b_30_n2000_m200.txt
1.07559e+07	2188166
MDG-c_10_n3000_m400.txt
4.16252e+07	10783699
MDG-c_13_n3000_m500.txt
6.44741e+07	17727905
MDG-c_14_n3000_m500.txt
6.45188e+07	17874789
MDG-c_15_n3000_m500.txt
6.45526e+07	16439160
MDG-c_19_n3000_m600.txt
9.23667e+07	23559293
MDG-c_1_n3000_m300.txt
2.37426e+07	5254362
MDG-c_20_n3000_m600.txt
9.25049e+07	26028824
MDG-c_2_n3000_m300.txt
2.37724e+07	5418104
MDG-c_8_n3000_m400.txt
4.16991e+07	10117782
MDG-c_9_n3000_m400.txt
4.15479e+07	10810220
matrix.txt
529	93
