MDG-a_10_n500_m50.txt
7671.56	608383
MDG-a_1_n500_m50.txt
7740.45	777152
MDG-a_2_n500_m50.txt
7682.96	715984
MDG-a_3_n500_m50.txt
7701.24	639453
MDG-a_4_n500_m50.txt
7703.28	636144
MDG-a_5_n500_m50.txt
7643.42	630114
MDG-a_6_n500_m50.txt
7704.98	736868
MDG-a_7_n500_m50.txt
7739.43	595124
MDG-a_8_n500_m50.txt
7691.77	616353
MDG-a_9_n500_m50.txt
7760.69	652397
MDG-b_21_n2000_m200.txt
1.0973e+07	14575790
MDG-b_22_n2000_m200.txt
1.09517e+07	14485783
MDG-b_23_n2000_m200.txt
1.09644e+07	14206850
MDG-b_24_n2000_m200.txt
1.09178e+07	14534260
MDG-b_25_n2000_m200.txt
1.09396e+07	14537027
MDG-b_26_n2000_m200.txt
1.09285e+07	14036798
MDG-b_27_n2000_m200.txt
1.09843e+07	14602794
MDG-b_28_n2000_m200.txt
1.09171e+07	14508589
MDG-b_29_n2000_m200.txt
1.09608e+07	14180888
MDG-b_30_n2000_m200.txt
1.09521e+07	14570172
MDG-c_10_n3000_m400.txt
4.20298e+07	65249966
MDG-c_13_n3000_m500.txt
6.50332e+07	104963663
MDG-c_14_n3000_m500.txt
6.50833e+07	102918614
MDG-c_15_n3000_m500.txt
6.50613e+07	103443873
MDG-c_19_n3000_m600.txt
9.31257e+07	157275429
MDG-c_1_n3000_m300.txt
2.40455e+07	34972415
MDG-c_20_n3000_m600.txt
9.32492e+07	149593858
MDG-c_2_n3000_m300.txt
2.40358e+07	34908317
MDG-c_8_n3000_m400.txt
4.20524e+07	65279335
MDG-c_9_n3000_m400.txt
4.1952e+07	62619543
matrix.txt
529	190
