MDG-a_10_n500_m50.txt
7652.85	824993
MDG-a_1_n500_m50.txt
7662.73	822006
MDG-a_2_n500_m50.txt
7651.71	825758
MDG-a_3_n500_m50.txt
7585.77	854391
MDG-a_4_n500_m50.txt
7655.22	830037
MDG-a_5_n500_m50.txt
7648.87	839574
MDG-a_6_n500_m50.txt
7663.64	838701
MDG-a_7_n500_m50.txt
7612.51	840019
MDG-a_8_n500_m50.txt
7611.09	843617
MDG-a_9_n500_m50.txt
7673.18	839435
MDG-b_21_n2000_m200.txt
1.1168e+07	10115185
MDG-b_22_n2000_m200.txt
1.11325e+07	10141956
MDG-b_23_n2000_m200.txt
1.11529e+07	10155296
MDG-b_24_n2000_m200.txt
1.11441e+07	16688722
MDG-b_25_n2000_m200.txt
1.11625e+07	17222534
MDG-b_26_n2000_m200.txt
1.11979e+07	9479451
MDG-b_27_n2000_m200.txt
1.1155e+07	10917500
MDG-b_28_n2000_m200.txt
1.11344e+07	9903302
MDG-b_29_n2000_m200.txt
1.11375e+07	10766526
MDG-b_30_n2000_m200.txt
1.11559e+07	10632059
MDG-c_10_n3000_m400.txt
4.30947e+07	45413957
MDG-c_13_n3000_m500.txt
6.6594e+07	63111741
MDG-c_14_n3000_m500.txt
6.65451e+07	62562385
MDG-c_15_n3000_m500.txt
6.66519e+07	66163241
MDG-c_19_n3000_m600.txt
9.50239e+07	97715335
MDG-c_1_n3000_m300.txt
2.45529e+07	22404193
MDG-c_20_n3000_m600.txt
9.50456e+07	106346065
MDG-c_2_n3000_m300.txt
2.45748e+07	22596642
MDG-c_8_n3000_m400.txt
4.30325e+07	41241124
MDG-c_9_n3000_m400.txt
4.30078e+07	39208106
matrix.txt
529	29836
